<?xml version="1.0" encoding="UTF-8"?>
<!-- Generated by org.testng.reporters.JUnitXMLReporter -->
<testsuite ignored="4" hostname="DESKTOP-EMOO80V" failures="0" tests="4" name="test1" time="0.181" errors="0" timestamp="2022-06-02T12:12:51 IST">
  <testcase classname="com.groups.NewTest" name="test1" time="0.048"/>
  <testcase classname="com.groups.NewTest2" name="test5" time="0.009"/>
  <testcase classname="com.groups.NewTest2" name="test7" time="0.009"/>
  <testcase classname="com.groups.NewTest2" name="test8" time="0.002"/>
  <testcase classname="com.groups.NewTest2" name="test6" time="0.0">
    <ignored/>
  </testcase> <!-- test6 -->
  <testcase classname="com.groups.NewTest" name="test3" time="0.0">
    <ignored/>
  </testcase> <!-- test3 -->
  <testcase classname="com.groups.NewTest2" name="test4" time="0.0">
    <ignored/>
  </testcase> <!-- test4 -->
  <testcase classname="com.groups.NewTest" name="test2" time="0.0">
    <ignored/>
  </testcase> <!-- test2 -->
</testsuite> <!-- test1 -->
