<?xml version="1.0" encoding="UTF-8"?>
<!-- Generated by org.testng.reporters.JUnitXMLReporter -->
<testsuite ignored="4" hostname="DESKTOP-EMOO80V" failures="0" tests="4" name="test1" time="0.123" errors="0" timestamp="2022-07-28T16:47:19 IST">
  <testcase classname="com.groups.NewTest" name="test1" time="0.016"/>
  <testcase classname="com.groups.NewTest2" name="test5" time="0.005"/>
  <testcase classname="com.groups.NewTest2" name="test7" time="0.004"/>
  <testcase classname="com.groups.NewTest2" name="test8" time="0.003"/>
  <testcase classname="com.groups.NewTest" name="test2" time="0.0">
    <ignored/>
  </testcase> <!-- test2 -->
  <testcase classname="com.groups.NewTest" name="test3" time="0.0">
    <ignored/>
  </testcase> <!-- test3 -->
  <testcase classname="com.groups.NewTest2" name="test6" time="0.0">
    <ignored/>
  </testcase> <!-- test6 -->
  <testcase classname="com.groups.NewTest2" name="test4" time="0.0">
    <ignored/>
  </testcase> <!-- test4 -->
</testsuite> <!-- test1 -->
