<?xml version="1.0" encoding="UTF-8"?>
<!-- Generated by org.testng.reporters.JUnitXMLReporter -->
<testsuite ignored="9" hostname="DESKTOP-EMOO80V" failures="0" tests="1" name="Default test" time="0.102" errors="0" timestamp="2022-08-27T11:56:43 IST">
  <testcase classname="com.javaStreams.javaStream1" name="sorted" time="0.021"/>
  <testcase classname="com.javaStreams.javaStream1" name="ettt" time="0.0">
    <ignored/>
  </testcase> <!-- ettt -->
  <testcase classname="com.javaStreams.javaStream1" name="streamMap" time="0.0">
    <ignored/>
  </testcase> <!-- streamMap -->
  <testcase classname="com.javaStreams.javaStream1" name="get" time="0.0">
    <ignored/>
  </testcase> <!-- get -->
  <testcase classname="com.javaStreams.javaStream1" name="regular" time="0.0">
    <ignored/>
  </testcase> <!-- regular -->
  <testcase classname="com.javaStreams.javaStream1" name="intStream" time="0.0">
    <ignored/>
  </testcase> <!-- intStream -->
  <testcase classname="com.javaStreams.javaStream1" name="stream" time="0.0">
    <ignored/>
  </testcase> <!-- stream -->
  <testcase classname="com.javaStreams.javaStream1" name="streamMaps" time="0.0">
    <ignored/>
  </testcase> <!-- streamMaps -->
  <testcase classname="com.javaStreams.javaStream1" name="streamCollect" time="0.0">
    <ignored/>
  </testcase> <!-- streamCollect -->
  <testcase classname="com.javaStreams.javaStream1" name="streamFilter" time="0.0">
    <ignored/>
  </testcase> <!-- streamFilter -->
</testsuite> <!-- Default test -->
