<?xml version="1.0" encoding="UTF-8"?>
<!-- Generated by org.testng.reporters.JUnitXMLReporter -->
<testsuite ignored="7" hostname="DESKTOP-EMOO80V" failures="0" tests="1" name="Default test" time="0.11" errors="0" timestamp="2022-07-31T12:25:42 IST">
  <testcase classname="com.javaStreams.javaStreams" name="intStream" time="0.044"/>
  <testcase classname="com.javaStreams.javaStreams" name="sorted" time="0.0">
    <ignored/>
  </testcase> <!-- sorted -->
  <testcase classname="com.javaStreams.javaStreams" name="streamMaps" time="0.0">
    <ignored/>
  </testcase> <!-- streamMaps -->
  <testcase classname="com.javaStreams.javaStreams" name="stream" time="0.0">
    <ignored/>
  </testcase> <!-- stream -->
  <testcase classname="com.javaStreams.javaStreams" name="streamCollect" time="0.0">
    <ignored/>
  </testcase> <!-- streamCollect -->
  <testcase classname="com.javaStreams.javaStreams" name="streamMap" time="0.0">
    <ignored/>
  </testcase> <!-- streamMap -->
  <testcase classname="com.javaStreams.javaStreams" name="regular" time="0.0">
    <ignored/>
  </testcase> <!-- regular -->
  <testcase classname="com.javaStreams.javaStreams" name="streamFilter" time="0.0">
    <ignored/>
  </testcase> <!-- streamFilter -->
</testsuite> <!-- Default test -->
