<?xml version="1.0" encoding="UTF-8"?>
<!-- Generated by org.testng.reporters.JUnitXMLReporter -->
<testsuite ignored="2" hostname="DESKTOP-EMOO80V" failures="0" tests="3" name="OrangeHrmLogin" time="39.829" errors="0" timestamp="2022-04-28T12:22:56 IST">
  <testcase classname="testng.orangeHRM" name="LaunchApp" time="15.142"/>
  <testcase classname="testng.orangeHRM" name="loginDetails" time="17.737"/>
  <testcase classname="testng.orangeHRM" name="VerifyLogin" time="0.195"/>
  <testcase classname="testng.orangeHRM" name="NavigateToMyInfo" time="0.0">
    <ignored/>
  </testcase> <!-- NavigateToMyInfo -->
  <testcase classname="testng.orangeHRM" name="VerifyMyinfo" time="0.0">
    <ignored/>
  </testcase> <!-- VerifyMyinfo -->
</testsuite> <!-- OrangeHrmLogin -->
