<?xml version="1.0" encoding="UTF-8"?>
<!-- Generated by org.testng.reporters.JUnitXMLReporter -->
<testsuite ignored="1" hostname="DESKTOP-EMOO80V" failures="0" tests="4" name="OrangeHrmMyInfo" time="43.486" errors="0" timestamp="2022-04-28T12:23:40 IST">
  <testcase classname="testng.orangeHRM" name="LaunchApp" time="11.814"/>
  <testcase classname="testng.orangeHRM" name="loginDetails" time="15.372"/>
  <testcase classname="testng.orangeHRM" name="NavigateToMyInfo" time="4.077"/>
  <testcase classname="testng.orangeHRM" name="VerifyMyinfo" time="0.11"/>
  <testcase classname="testng.orangeHRM" name="VerifyLogin" time="0.0">
    <ignored/>
  </testcase> <!-- VerifyLogin -->
</testsuite> <!-- OrangeHrmMyInfo -->
