<?xml version="1.0" encoding="UTF-8"?>
<!-- Generated by org.testng.reporters.JUnitXMLReporter -->
<testsuite ignored="1" hostname="DESKTOP-EMOO80V" failures="0" tests="2" name="test" time="0.097" errors="0" timestamp="2022-07-28T17:01:11 IST">
  <testcase classname="com.groups.NewTest" name="test1" time="0.016"/>
  <testcase classname="com.groups.NewTest" name="test2" time="0.003"/>
  <testcase classname="com.groups.NewTest" name="test3" time="0.0">
    <ignored/>
  </testcase> <!-- test3 -->
</testsuite> <!-- test -->
