<?xml version="1.0" encoding="UTF-8"?>
<!-- Generated by org.testng.reporters.JUnitXMLReporter -->
<testsuite ignored="4" hostname="DESKTOP-EMOO80V" failures="0" tests="1" name="test2" time="0.006" errors="0" timestamp="2022-07-28T17:01:11 IST">
  <testcase classname="com.groups.NewTest2" name="test8" time="0.002"/>
  <testcase classname="com.groups.NewTest2" name="test7" time="0.0">
    <ignored/>
  </testcase> <!-- test7 -->
  <testcase classname="com.groups.NewTest2" name="test6" time="0.0">
    <ignored/>
  </testcase> <!-- test6 -->
  <testcase classname="com.groups.NewTest2" name="test5" time="0.0">
    <ignored/>
  </testcase> <!-- test5 -->
  <testcase classname="com.groups.NewTest2" name="test4" time="0.0">
    <ignored/>
  </testcase> <!-- test4 -->
</testsuite> <!-- test2 -->
