<?xml version="1.0" encoding="UTF-8"?>
<!-- Generated by org.testng.reporters.JUnitXMLReporter -->
<testsuite ignored="0" hostname="DESKTOP-EMOO80V" failures="0" tests="8" name="test" time="0.134" errors="0" timestamp="2022-06-19T22:39:39 IST">
  <testcase classname="com.dependencies.TestGroupDependent" name="Test1" time="0.014"/>
  <testcase classname="com.dependencies.TestGroupDependent" name="Test2" time="0.002"/>
  <testcase classname="com.dependencies.TestGroupDependent" name="Test7" time="0.004"/>
  <testcase classname="com.dependencies.TestGroupDependent" name="Test8" time="0.002"/>
  <testcase classname="com.dependencies.TestGroupDependent" name="Test3" time="0.002"/>
  <testcase classname="com.dependencies.TestGroupDependent" name="Test4" time="0.001"/>
  <testcase classname="com.dependencies.TestGroupDependent" name="Test5" time="0.002"/>
  <testcase classname="com.dependencies.TestGroupDependent" name="Test6" time="0.003"/>
</testsuite> <!-- test -->
