<?xml version="1.0" encoding="UTF-8"?>
<!-- Generated by org.testng.reporters.JUnitXMLReporter -->
<testsuite ignored="2" hostname="DESKTOP-EMOO80V" failures="0" tests="1" name="Test Google" time="110.838" errors="0" timestamp="2022-07-28T18:11:58 IST">
  <testcase classname="com.capturescreenshots.TestClass" name="TestGoogle" time="46.091"/>
  <testcase classname="com.capturescreenshots.TestClass" name="TestorangeHrm" time="0.0">
    <ignored/>
  </testcase> <!-- TestorangeHrm -->
  <testcase classname="com.capturescreenshots.TestClass" name="TestFacebook" time="0.0">
    <ignored/>
  </testcase> <!-- TestFacebook -->
</testsuite> <!-- Test Google -->
