<?xml version="1.0" encoding="UTF-8"?>
<!-- Generated by org.testng.reporters.JUnitXMLReporter -->
<testsuite ignored="2" hostname="DESKTOP-EMOO80V" failures="0" tests="1" name="Test Google" time="47.767" errors="0" timestamp="2022-06-23T00:37:08 IST">
  <testcase classname="com.capturescreenshots.TestClass" name="TestGoogle" time="29.613"/>
  <testcase classname="com.capturescreenshots.TestClass" name="TestFacebook" time="0.0">
    <ignored/>
  </testcase> <!-- TestFacebook -->
  <testcase classname="com.capturescreenshots.TestClass" name="TestorangeHrm" time="0.0">
    <ignored/>
  </testcase> <!-- TestorangeHrm -->
</testsuite> <!-- Test Google -->
