<?xml version="1.0" encoding="UTF-8"?>
<!-- Generated by org.testng.reporters.JUnitXMLReporter -->
<testsuite ignored="0" hostname="DESKTOP-EMOO80V" failures="0" tests="12" name="Test1" time="0.175" errors="0" timestamp="2022-07-28T12:59:13 IST">
  <testcase classname="com.parallel.TestClass3" name="TestMethod10" time="0.016"/>
  <testcase classname="com.parallel.TestClass1" name="TestMethod1" time="0.016"/>
  <testcase classname="com.parallel.TestClass2" name="TestMethod5" time="0.016"/>
  <testcase classname="com.parallel.TestClass3" name="TestMethod11" time="0.003"/>
  <testcase classname="com.parallel.TestClass1" name="TestMethod2" time="0.012"/>
  <testcase classname="com.parallel.TestClass1" name="TestMethod3" time="0.004"/>
  <testcase classname="com.parallel.TestClass3" name="TestMethod8" time="0.016"/>
  <testcase classname="com.parallel.TestClass1" name="TestMethod4" time="0.005"/>
  <testcase classname="com.parallel.TestClass3" name="TestMethod9" time="0.011"/>
  <testcase classname="com.parallel.TestClass2" name="TestMethod6" time="0.044"/>
  <testcase classname="com.parallel.TestClass2" name="TestMethod7" time="0.003"/>
  <testcase classname="com.parallel.TestClass1" name="TestMethod4A" time="0.006"/>
</testsuite> <!-- Test1 -->
