<?xml version="1.0" encoding="UTF-8"?>
<!-- Generated by org.testng.reporters.JUnitXMLReporter -->
<testsuite ignored="0" hostname="DESKTOP-EMOO80V" failures="0" tests="4" name="Test3" time="0.026" errors="0" timestamp="2022-06-07T11:05:02 IST">
  <testcase classname="com.parallel.TestClass4" name="TestMethod12" time="0.003"/>
  <testcase classname="com.parallel.TestClass4" name="TestMethod13" time="0.003"/>
  <testcase classname="com.parallel.TestClass4" name="TestMethod14" time="0.002"/>
  <testcase classname="com.parallel.TestClass4" name="TestMethod15" time="0.004"/>
</testsuite> <!-- Test3 -->
