<?xml version="1.0" encoding="UTF-8"?>
<!-- Generated by org.testng.reporters.JUnitXMLReporter -->
<testsuite ignored="0" hostname="DESKTOP-EMOO80V" failures="0" tests="4" name="Test4" time="0.069" errors="0" timestamp="2022-05-05T12:27:01 IST">
  <testcase classname="com.parallel.TestClass4" name="TestMethod12" time="0.01"/>
  <testcase classname="com.parallel.TestClass4" name="TestMethod13" time="0.002"/>
  <testcase classname="com.parallel.TestClass4" name="TestMethod14" time="0.005"/>
  <testcase classname="com.parallel.TestClass4" name="TestMethod15" time="0.008"/>
</testsuite> <!-- Test4 -->
