<?xml version="1.0" encoding="UTF-8"?>
<!-- Generated by org.testng.reporters.JUnitXMLReporter -->
<testsuite ignored="2" hostname="DESKTOP-EMOO80V" failures="0" tests="1" name="Test Facebook" time="36.41" errors="0" timestamp="2022-06-23T00:37:44 IST">
  <testcase classname="com.capturescreenshots.TestClass" name="TestFacebook" time="22.261"/>
  <testcase classname="com.capturescreenshots.TestClass" name="TestGoogle" time="0.0">
    <ignored/>
  </testcase> <!-- TestGoogle -->
  <testcase classname="com.capturescreenshots.TestClass" name="TestorangeHrm" time="0.0">
    <ignored/>
  </testcase> <!-- TestorangeHrm -->
</testsuite> <!-- Test Facebook -->
