<?xml version="1.0" encoding="UTF-8"?>
<!-- Generated by org.testng.reporters.JUnitXMLReporter -->
<testsuite ignored="0" hostname="DESKTOP-EMOO80V" failures="0" tests="11" name="Test1" time="0.147" errors="0" timestamp="2022-06-19T23:47:55 IST">
  <testcase classname="com.parallel.TestClass1" name="TestMethod1" time="0.015"/>
  <testcase classname="com.parallel.TestClass1" name="TestMethod2" time="0.003"/>
  <testcase classname="com.parallel.TestClass1" name="TestMethod3" time="0.001"/>
  <testcase classname="com.parallel.TestClass1" name="TestMethod4" time="0.001"/>
  <testcase classname="com.parallel.TestClass2" name="TestMethod5" time="0.002"/>
  <testcase classname="com.parallel.TestClass2" name="TestMethod6" time="0.003"/>
  <testcase classname="com.parallel.TestClass2" name="TestMethod7" time="0.003"/>
  <testcase classname="com.parallel.TestClass3" name="TestMethod10" time="0.003"/>
  <testcase classname="com.parallel.TestClass3" name="TestMethod11" time="0.005"/>
  <testcase classname="com.parallel.TestClass3" name="TestMethod8" time="0.002"/>
  <testcase classname="com.parallel.TestClass3" name="TestMethod9" time="0.005"/>
</testsuite> <!-- Test1 -->
