<?xml version="1.0" encoding="UTF-8"?>
<!-- Generated by org.testng.reporters.JUnitXMLReporter -->
<testsuite ignored="0" hostname="DESKTOP-EMOO80V" failures="1" tests="3" name="Test" time="84.709" errors="0" timestamp="2022-06-20T21:15:28 IST">
  <testcase classname="com.pom.regMethod" name="urll" time="26.993"/>
  <testcase classname="com.pom.regMethod" name="verifyRegister" time="6.774"/>
  <testcase classname="com.pom.regMethod" name="status" time="0.058">
    <failure type="java.lang.AssertionError" message="test is mismatched expected [Registration is Successful] but found [Registration is Successfullllllllll]">
      <![CDATA[java.lang.AssertionError: test is mismatched expected [Registration is Successful] but found [Registration is Successfullllllllll]
at com.pom.regMethod.status(regMethod.java:92)
at java.base/java.util.ArrayList.forEach(ArrayList.java:1511)
... Removed 32 stack frames]]>
    </failure>
  </testcase> <!-- status -->
</testsuite> <!-- Test -->
