<?xml version="1.0" encoding="UTF-8"?>
<testng-results ignored="7" total="8" passed="1" failed="0" skipped="0">
  <reporter-output>
  </reporter-output>
  <suite started-at="2022-07-29T17:16:05 IST" name="Default suite" finished-at="2022-07-29T17:16:05 IST" duration-ms="86">
    <groups>
    </groups>
    <test started-at="2022-07-29T17:16:05 IST" name="Default test" finished-at="2022-07-29T17:16:05 IST" duration-ms="86">
      <class name="com.javaStreams.javaStreams">
        <test-method signature="intStream()[pri:0, instance:com.javaStreams.javaStreams@222545dc]" started-at="2022-07-29T17:16:05 IST" name="intStream" finished-at="2022-07-29T17:16:05 IST" duration-ms="19" status="PASS">
          <reporter-output>
          </reporter-output>
        </test-method> <!-- intStream -->
      </class> <!-- com.javaStreams.javaStreams -->
    </test> <!-- Default test -->
  </suite> <!-- Default suite -->
</testng-results>
